{
  "RSpec": {
    "coverage": {
      "/home/brunogandolfo/proyectos/sistema_final/app/helpers/application_helper.rb": {
        "lines": [
          1,
          null
        ]
      },
      "/home/brunogandolfo/proyectos/sistema_final/app/controllers/application_controller.rb": {
        "lines": [
          1,
          1,
          null,
          1,
          null,
          1,
          null,
          1,
          10,
          null,
          null,
          1,
          15,
          6,
          10,
          8,
          null,
          null,
          null,
          null,
          1,
          40,
          12,
          16,
          20,
          null,
          null,
          null,
          null
        ]
      },
      "/home/brunogandolfo/proyectos/sistema_final/app/controllers/distribucion_utilidades_controller.rb": {
        "lines": [
          1,
          1,
          null,
          1,
          4,
          4,
          2,
          null,
          2,
          null,
          null,
          null,
          1,
          null,
          1,
          4,
          null,
          null,
          null,
          null,
          null,
          null,
          null,
          null,
          null,
          null,
          null
        ]
      },
      "/home/brunogandolfo/proyectos/sistema_final/app/controllers/gastos_controller.rb": {
        "lines": [
          1,
          1,
          4,
          4,
          2,
          null,
          2,
          null,
          null,
          null,
          1,
          null,
          1,
          4,
          null,
          null
        ]
      },
      "/home/brunogandolfo/proyectos/sistema_final/app/controllers/ingresos_controller.rb": {
        "lines": [
          1,
          1,
          4,
          4,
          2,
          null,
          2,
          null,
          null,
          null,
          1,
          null,
          1,
          4,
          null,
          null
        ]
      },
      "/home/brunogandolfo/proyectos/sistema_final/app/controllers/metrics_controller.rb": {
        "lines": [
          1,
          1,
          null,
          1,
          null,
          1,
          null,
          null
        ]
      },
      "/home/brunogandolfo/proyectos/sistema_final/app/controllers/pages_controller.rb": {
        "lines": [
          1,
          null,
          null,
          1,
          null,
          1,
          null,
          2,
          null,
          null,
          2,
          null,
          null
        ]
      },
      "/home/brunogandolfo/proyectos/sistema_final/app/controllers/registrations_controller.rb": {
        "lines": [
          1,
          1,
          null,
          1,
          null,
          null,
          null,
          1,
          null,
          5,
          5,
          null,
          2,
          2,
          null,
          3,
          null,
          null,
          null,
          1,
          null,
          1,
          5,
          null,
          null
        ]
      },
      "/home/brunogandolfo/proyectos/sistema_final/app/controllers/retiro_utilidades_controller.rb": {
        "lines": [
          1,
          1,
          null,
          1,
          4,
          4,
          2,
          null,
          2,
          null,
          null,
          null,
          1,
          null,
          1,
          4,
          null,
          null
        ]
      },
      "/home/brunogandolfo/proyectos/sistema_final/app/controllers/sessions_controller.rb": {
        "lines": [
          1,
          1,
          null,
          1,
          null,
          null,
          null,
          1,
          6,
          6,
          4,
          4,
          null,
          2,
          null,
          null,
          null,
          1,
          2,
          2,
          null,
          null
        ]
      },
      "/home/brunogandolfo/proyectos/sistema_final/app/models/cliente.rb": {
        "lines": [
          1,
          1,
          1,
          null
        ]
      },
      "/home/brunogandolfo/proyectos/sistema_final/app/models/application_record.rb": {
        "lines": [
          1,
          1,
          null
        ]
      },
      "/home/brunogandolfo/proyectos/sistema_final/app/models/distribucion_utilidad.rb": {
        "lines": [
          1,
          null,
          null,
          1,
          1,
          1,
          null,
          null,
          1,
          1,
          1,
          1,
          1,
          1,
          1,
          1,
          1,
          1,
          null
        ]
      },
      "/home/brunogandolfo/proyectos/sistema_final/app/models/gasto.rb": {
        "lines": [
          1,
          null,
          null,
          1,
          1,
          1,
          null,
          null,
          1,
          1,
          1,
          1,
          1,
          1,
          null
        ]
      },
      "/home/brunogandolfo/proyectos/sistema_final/app/models/ingreso.rb": {
        "lines": [
          1,
          null,
          null,
          1,
          1,
          1,
          null,
          null,
          1,
          1,
          1,
          1,
          1,
          1,
          null
        ]
      },
      "/home/brunogandolfo/proyectos/sistema_final/app/models/proveedor.rb": {
        "lines": [
          1,
          1,
          1,
          null
        ]
      },
      "/home/brunogandolfo/proyectos/sistema_final/app/models/retiro_utilidad.rb": {
        "lines": [
          1,
          null,
          null,
          1,
          1,
          1,
          null,
          null,
          1,
          1,
          null
        ]
      },
      "/home/brunogandolfo/proyectos/sistema_final/app/models/tipo_cambio.rb": {
        "lines": [
          1,
          1,
          null
        ]
      },
      "/home/brunogandolfo/proyectos/sistema_final/app/models/usuario.rb": {
        "lines": [
          1,
          null,
          1,
          null,
          null,
          1,
          null,
          1,
          null,
          null,
          1,
          1,
          67,
          null,
          null,
          1,
          1,
          null,
          null,
          1,
          70,
          70,
          null,
          0,
          null,
          null,
          null,
          null,
          1,
          6,
          6,
          null,
          null,
          null,
          1,
          18,
          null,
          null,
          1,
          null,
          1,
          63,
          null,
          null,
          1,
          63,
          63,
          2,
          null,
          61,
          null,
          null,
          null
        ]
      },
      "/home/brunogandolfo/proyectos/sistema_final/app/controllers/paginas_controller.rb": {
        "lines": [
          1,
          null,
          1,
          null,
          1,
          0,
          null,
          null,
          1,
          1,
          null,
          null,
          1,
          0,
          null,
          null
        ]
      },
      "/home/brunogandolfo/proyectos/sistema_final/app/channels/application_cable/channel.rb": {
        "lines": [
          0,
          0,
          0,
          0
        ],
        "branches": {}
      },
      "/home/brunogandolfo/proyectos/sistema_final/app/channels/application_cable/connection.rb": {
        "lines": [
          0,
          0,
          0,
          0
        ],
        "branches": {}
      },
      "/home/brunogandolfo/proyectos/sistema_final/app/jobs/application_job.rb": {
        "lines": [
          0,
          null,
          null,
          null,
          null,
          null,
          0
        ],
        "branches": {}
      },
      "/home/brunogandolfo/proyectos/sistema_final/app/mailers/application_mailer.rb": {
        "lines": [
          0,
          0,
          0,
          0
        ],
        "branches": {}
      }
    },
    "timestamp": 1740523869
  }
}
